Arguments: 
  /usr/local/bin/node /usr/local/Cellar/yarn/1.16.0/libexec/bin/yarn.js build

PATH: 
  /anaconda3/bin:/anaconda3/condabin:/Users/anupriyamranjit/flutter/bin:/usr/local/bin:/usr/bin:/bin:/usr/sbin:/sbin

Yarn version: 
  1.16.0

Node version: 
  12.4.0

Platform: 
  darwin x64

Trace: 
  SyntaxError: /Users/anupriyamranjit/Desktop/React-Portfolio-master/package.json: Unexpected token 
   in JSON at position 110
      at JSON.parse (<anonymous>)
      at /usr/local/Cellar/yarn/1.16.0/libexec/lib/cli.js:1625:59
      at Generator.next (<anonymous>)
      at step (/usr/local/Cellar/yarn/1.16.0/libexec/lib/cli.js:304:30)
      at /usr/local/Cellar/yarn/1.16.0/libexec/lib/cli.js:315:13

npm manifest: 
  {
    "name": "resume",
    "version": "0.1.0",
    "homepage" : "http://abupriyamranjit.github.io/PortfolioWebsite,
    "private": true,
    "dependencies": {
      "@fortawesome/fontawesome-svg-core": "^1.2.19",
      "@fortawesome/free-brands-svg-icons": "^5.9.0",
      "@fortawesome/free-regular-svg-icons": "^5.9.0",
      "@fortawesome/free-solid-svg-icons": "^5.9.0",
      "@fortawesome/react-fontawesome": "^0.1.4",
      "react": "^16.6.0",
      "react-dom": "^16.6.0",
      "react-scripts": "2.1.1"
    },
    "scripts": {
      "start": "react-scripts start",
      "build": "react-scripts build",
      "test": "react-scripts test",
      "eject": "react-scripts eject"
    },
    "eslintConfig": {
      "extends": "react-app"
    },
    "browserslist": [
      ">0.2%",
      "not dead",
      "not ie <= 11",
      "not op_mini all"
    ]
  }

yarn manifest: 
  No manifest

Lockfile: 
  No lockfile
